   0  $accept : %entry% $end

   1  S : aChar S
   2    |

   3  %entry% : '\001' S

state 0
	$accept : . %entry% $end  (0)

	'\001'  shift 1
	.  error

	%entry%  goto 2


state 1
	%entry% : '\001' . S  (3)
	S : .  (2)

	aChar  shift 3
	$end  reduce 2

	S  goto 4


state 2
	$accept : %entry% . $end  (0)

	$end  accept


state 3
	S : aChar . S  (1)
	S : .  (2)

	aChar  shift 3
	$end  reduce 2

	S  goto 5


state 4
	%entry% : '\001' S .  (3)

	.  reduce 3


state 5
	S : aChar S .  (1)

	.  reduce 1


4 terminals, 3 nonterminals
4 grammar rules, 6 states
